<?xml version="1.0" encoding="UTF-8"?>
<testsuite xmlns:xsi="http://www.w3.org/2001/XMLSchema-instance" xsi:noNamespaceSchemaLocation="https://maven.apache.org/surefire/maven-surefire-plugin/xsd/surefire-test-report-3.0.xsd" version="3.0" name="usecase.authentication.LoginTest" time="1.986" tests="4" errors="0" skipped="0" failures="0">
  <properties>
[...]
</properties>
  <testcase name="login_With_Correct_Data" classname="usecase.authentication.LoginTest" time="0.289"/>
  <testcase name="login_With_Incorrect_Password" classname="usecase.authentication.LoginTest" time="0.518"/>
  <testcase name="login_If_Email_Not_Exists" classname="usecase.authentication.LoginTest" time="0.512"/>
  <testcase name="login_With_Blank_Data" classname="usecase.authentication.LoginTest" time="0.516">
    <system-out><![CDATA[Указанный пользователь не найден! Проверьте корректность вводимых данных
]]></system-out>
  </testcase>
</testsuite>